 <-1> 13/03/2018 10:52:08.786     [Error  ] - Failed to Load Assembly : "d:\TestProjects2\GitHub\ah_proj1\Resources\TwitterVB.dll"
"Could not load file or assembly 'TwitterVB.dll' or one of its dependencies. The system cannot find the path specified."
 <-1> 13/03/2018 10:52:08.849     [Error  ] - Failed to Load Assembly : "d:\TestProjects2\GitHub\ah_proj1\Resources\PushSharp\Newtonsoft.Json.dll"
"Could not load file or assembly 'Newtonsoft.Json.dll' or one of its dependencies. The system cannot find the path specified."
 <-1> 13/03/2018 10:52:08.911     [Error  ] - Failed to Load Assembly : "d:\TestProjects2\GitHub\ah_proj1\Resources\PushSharp\PushSharp.Core.dll"
"Could not load file or assembly 'PushSharp.Core.dll' or one of its dependencies. The system cannot find the path specified."
 <-1> 13/03/2018 10:52:08.974     [Error  ] - Failed to Load Assembly : "d:\TestProjects2\GitHub\ah_proj1\Resources\PushSharp\PushSharp.Google.dll"
"Could not load file or assembly 'PushSharp.Google.dll' or one of its dependencies. The system cannot find the path specified."
 <-1> 13/03/2018 10:52:09.036     [Error  ] - Failed to Load Assembly : "d:\TestProjects2\GitHub\ah_proj1\Resources\PushSharp\PushSharp.Apple.dll"
"Could not load file or assembly 'PushSharp.Apple.dll' or one of its dependencies. The system cannot find the path specified."
 <-1> 13/03/2018 10:52:09.130     [Error  ] - Failed to Load Assembly : "d:\TestProjects2\GitHub\ah_proj1\Resources\TwitterVB.dll"
"Could not load file or assembly 'TwitterVB.dll' or one of its dependencies. The system cannot find the path specified."
 <-1> 13/03/2018 10:52:09.192     [Error  ] - Failed to Load Assembly : "d:\TestProjects2\GitHub\ah_proj1\Resources\PushSharp\Newtonsoft.Json.dll"
"Could not load file or assembly 'Newtonsoft.Json.dll' or one of its dependencies. The system cannot find the path specified."
 <-1> 13/03/2018 10:52:09.255     [Error  ] - Failed to Load Assembly : "d:\TestProjects2\GitHub\ah_proj1\Resources\PushSharp\PushSharp.Core.dll"
"Could not load file or assembly 'PushSharp.Core.dll' or one of its dependencies. The system cannot find the path specified."
 <-1> 13/03/2018 10:52:09.317     [Error  ] - Failed to Load Assembly : "d:\TestProjects2\GitHub\ah_proj1\Resources\PushSharp\PushSharp.Google.dll"
"Could not load file or assembly 'PushSharp.Google.dll' or one of its dependencies. The system cannot find the path specified."
 <-1> 13/03/2018 10:52:09.380     [Error  ] - Failed to Load Assembly : "d:\TestProjects2\GitHub\ah_proj1\Resources\PushSharp\PushSharp.Apple.dll"
"Could not load file or assembly 'PushSharp.Apple.dll' or one of its dependencies. The system cannot find the path specified."
